<?xml version="1.0" encoding="UTF-8"?>
<!-- Generated by org.testng.reporters.JUnitReportReporter -->
<testsuite hostname="LAPTOP-92ICR69A" failures="0" tests="1" name="test_script.ManageCategoryTest" time="9.032" errors="0" timestamp="2025-06-10T10:10:58 IST" skipped="0">
  <testcase classname="test_script.ManageCategoryTest" name="verifyWhetherUserIsAbleTocreateNewCreategoryOnManageCategory" time="9.032"/>
</testsuite> <!-- test_script.ManageCategoryTest -->
