<?xml version="1.0" encoding="UTF-8"?>
<!-- Generated by org.testng.reporters.JUnitReportReporter -->
<testsuite hostname="LAPTOP-92ICR69A" failures="0" tests="2" name="test_script.ManageFooterTextTest" time="7.314" errors="0" timestamp="2025-06-09T16:34:56 IST" skipped="0">
  <testcase classname="test_script.ManageFooterTextTest" name="verifyWhetherUserIsAbleToCreateNewFooterOnManageFooterText" time="3.970"/>
  <testcase classname="test_script.ManageFooterTextTest" name="verifyWhetherTheUpdateButtonIsDisplayedOnManageFooterText" time="3.344"/>
</testsuite> <!-- test_script.ManageFooterTextTest -->
