<?xml version="1.0" encoding="UTF-8"?>
<!-- Generated by org.testng.reporters.JUnitReportReporter -->
<testsuite hostname="LAPTOP-92ICR69A" failures="0" tests="1" name="test_script.ManageNewsTest" time="4.707" errors="0" timestamp="2025-05-31T16:15:07 IST" skipped="0">
  <testcase classname="test_script.ManageNewsTest" name="manageNewsDelete" time="4.707"/>
</testsuite> <!-- test_script.ManageNewsTest -->
