<?xml version="1.0" encoding="UTF-8"?>
<!-- Generated by org.testng.reporters.JUnitReportReporter -->
<testsuite hostname="LAPTOP-92ICR69A" failures="0" tests="2" name="test_script.ManageContactTest" time="14.661" errors="0" timestamp="2025-06-03T11:38:12 IST" skipped="0">
  <testcase classname="test_script.ManageContactTest" name="manageContactTest" time="7.332"/>
  <testcase classname="test_script.ManageContactTest" name="manageContactTest" time="7.329"/>
</testsuite> <!-- test_script.ManageContactTest -->
