<?xml version="1.0" encoding="UTF-8"?>
<!-- Generated by org.testng.reporters.JUnitReportReporter -->
<testsuite hostname="LAPTOP-92ICR69A" failures="0" tests="3" name="test_script.ManageNewsTest" time="10.113" errors="0" timestamp="2025-06-09T13:10:22 IST" skipped="0">
  <testcase classname="test_script.ManageNewsTest" name="verifyWhetherUserIsAbleToDeleteNewsOnManageNews" time="2.846"/>
  <testcase classname="test_script.ManageNewsTest" name="verifyWhetherTheSaveButtonIsDisplayedOnTheManageNews" time="3.508"/>
  <testcase classname="test_script.ManageNewsTest" name="verifyWhetherUserIsAbleToCreateNewNewsOnManageNews" time="3.759"/>
</testsuite> <!-- test_script.ManageNewsTest -->
