<?xml version="1.0" encoding="UTF-8"?>
<!-- Generated by org.testng.reporters.JUnitReportReporter -->
<testsuite hostname="LAPTOP-92ICR69A" failures="0" tests="2" name="test_script.ManageFooterTextTest" time="10.700" errors="0" timestamp="2025-06-10T09:40:51 IST" skipped="0">
  <testcase classname="test_script.ManageFooterTextTest" name="verifyWhetherTheUpdateButtonIsDisplayedOnManageFooterText" time="6.534"/>
  <testcase classname="test_script.ManageFooterTextTest" name="verifyWhetherUserIsAbleToCreateNewFooterOnManageFooterText" time="4.166"/>
</testsuite> <!-- test_script.ManageFooterTextTest -->
