<?xml version="1.0" encoding="UTF-8"?>
<!-- Generated by org.testng.reporters.JUnitReportReporter -->
<testsuite hostname="LAPTOP-92ICR69A" failures="0" tests="1" name="test_script.LogoutTest" time="3.030" errors="0" timestamp="2025-05-28T17:49:41 IST" skipped="0">
  <testcase classname="test_script.LogoutTest" name="logouttest" time="3.030"/>
</testsuite> <!-- test_script.LogoutTest -->
