<?xml version="1.0" encoding="UTF-8"?>
<!-- Generated by org.testng.reporters.JUnitReportReporter -->
<testsuite hostname="LAPTOP-92ICR69A" failures="0" tests="2" name="test_script.AdminUsersTest" time="25.441" errors="0" timestamp="2025-06-09T12:52:17 IST" skipped="1">
  <testcase classname="test_script.AdminUsersTest" name="verifyWhetherUserIsAbleToCreateNewAdminUser" time="20.224">
    <skipped/>
  </testcase> <!-- verifyWhetherUserIsAbleToCreateNewAdminUser -->
  <testcase classname="test_script.AdminUsersTest" name="verifyWhetherUserIsAbleToCreateNewAdminUser" time="5.217"/>
</testsuite> <!-- test_script.AdminUsersTest -->
