<?xml version="1.0" encoding="UTF-8"?>
<!-- Generated by org.testng.reporters.JUnitReportReporter -->
<testsuite hostname="LAPTOP-92ICR69A" failures="0" tests="3" name="test_script.ManageNewsTest" time="16.049" errors="0" timestamp="2025-06-09T21:55:55 IST" skipped="0">
  <testcase classname="test_script.ManageNewsTest" name="verifyWhetherUserIsAbleToDeleteNewsOnManageNews" time="3.528"/>
  <testcase classname="test_script.ManageNewsTest" name="verifyWhetherUserIsAbleToCreateNewNewsOnManageNews" time="3.935"/>
  <testcase classname="test_script.ManageNewsTest" name="verifyWhetherTheSaveButtonIsDisplayedOnTheManageNews" time="8.586"/>
</testsuite> <!-- test_script.ManageNewsTest -->
