<?xml version="1.0" encoding="UTF-8"?>
<!-- Generated by org.testng.reporters.JUnitReportReporter -->
<testsuite hostname="LAPTOP-92ICR69A" failures="0" tests="8" name="test_script.LoginTest" time="34.292" errors="0" timestamp="2025-05-31T16:27:44 IST" skipped="0">
  <testcase classname="test_script.LoginTest" name="logintest2" time="4.289"/>
  <testcase classname="test_script.LoginTest" name="logintest" time="4.295"/>
  <testcase classname="test_script.LoginTest" name="logintest" time="7.565"/>
  <testcase classname="test_script.LoginTest" name="logintest1" time="4.149"/>
  <testcase classname="test_script.LoginTest" name="logintest3" time="4.296"/>
  <testcase classname="test_script.LoginTest" name="logintest1" time="4.543"/>
  <testcase classname="test_script.LoginTest" name="logintest2" time="2.463"/>
  <testcase classname="test_script.LoginTest" name="logintest3" time="2.692"/>
</testsuite> <!-- test_script.LoginTest -->
