<?xml version="1.0" encoding="UTF-8"?>
<!-- Generated by org.testng.reporters.JUnitReportReporter -->
<testsuite hostname="LAPTOP-92ICR69A" failures="0" tests="4" name="test_script.LoginTest" time="14.324" errors="0" timestamp="2025-06-09T20:33:02 IST" skipped="0">
  <testcase classname="test_script.LoginTest" name="verifyWhetherUserIsAbleToLoginWithInvalidUsernameAndValidPassword" time="6.180"/>
  <testcase classname="test_script.LoginTest" name="verifyWhetherUserIsAbleToLoginWithInvalidUsernameAndInvalidPassword" time="2.670"/>
  <testcase classname="test_script.LoginTest" name="verifyWhetherUserIsAbleToLoginWithValidUsernameAndInvalidPassword" time="2.665"/>
  <testcase classname="test_script.LoginTest" name="verifyWhetherUserIsAbleToLoginWithValidUsernamePassword" time="2.809"/>
</testsuite> <!-- test_script.LoginTest -->
