<?xml version="1.0" encoding="UTF-8"?>
<!-- Generated by org.testng.reporters.JUnitReportReporter -->
<testsuite hostname="LAPTOP-92ICR69A" failures="0" tests="1" name="test_script.ManageCategoryTest" time="7.012" errors="0" timestamp="2025-06-09T10:46:53 IST" skipped="0">
  <testcase classname="test_script.ManageCategoryTest" name="verifyWhetherUserIsAbleTocreateNewCreategoryOnManageCategory" time="7.012"/>
</testsuite> <!-- test_script.ManageCategoryTest -->
