<?xml version="1.0" encoding="UTF-8"?>
<!-- Generated by org.testng.reporters.JUnitReportReporter -->
<testsuite hostname="LAPTOP-92ICR69A" failures="0" tests="3" name="test_script.ManageNewsTest" time="13.769" errors="0" timestamp="2025-06-08T10:46:20 IST" skipped="0">
  <testcase classname="test_script.ManageNewsTest" name="manageNewsDelete" time="4.041"/>
  <testcase classname="test_script.ManageNewsTest" name="isSaveButtonDisplayed" time="5.295"/>
  <testcase classname="test_script.ManageNewsTest" name="manageNewsTest" time="4.433"/>
</testsuite> <!-- test_script.ManageNewsTest -->
