<?xml version="1.0" encoding="UTF-8"?>
<!-- Generated by org.testng.reporters.JUnitReportReporter -->
<testsuite hostname="LAPTOP-92ICR69A" failures="0" tests="1" name="test_script.ManageFooterTextTest" time="4.708" errors="0" timestamp="2025-05-29T16:02:38 IST" skipped="0">
  <testcase classname="test_script.ManageFooterTextTest" name="isUpdateButtonDisplayed" time="4.708"/>
</testsuite> <!-- test_script.ManageFooterTextTest -->
