<?xml version="1.0" encoding="UTF-8"?>
<!-- Generated by org.testng.reporters.JUnitReportReporter -->
<testsuite hostname="LAPTOP-92ICR69A" failures="0" tests="1" name="test_script.ManageContactTest" time="4.933" errors="0" timestamp="2025-06-09T15:27:20 IST" skipped="0">
  <testcase classname="test_script.ManageContactTest" name="verifyWhetherUserIsAbleToCreateNewContactOnManageContact" time="4.933"/>
</testsuite> <!-- test_script.ManageContactTest -->
