<?xml version="1.0" encoding="UTF-8"?>
<!-- Generated by org.testng.reporters.JUnitReportReporter -->
<testsuite hostname="LAPTOP-92ICR69A" failures="0" tests="1" name="test_script.ManageCategoryTest" time="8.655" errors="0" timestamp="2025-05-29T17:04:31 IST" skipped="0">
  <testcase classname="test_script.ManageCategoryTest" name="manageCategoryTest" time="8.655"/>
</testsuite> <!-- test_script.ManageCategoryTest -->
